2023-11-03 20:58:45 DEBUG TextHandlerImpl:21 - Method "checkingWordCount()" received the text: "the quick brown fox jumps over the lazy dog"
2023-11-03 20:58:45 DEBUG TextHandlerImpl:23 - Method "checkingWordCount()" return count: "9"
2023-11-03 20:58:45 DEBUG TextHandlerImpl:30 - Method "findFiveWordsAndSort()" received the text: "the quick brown fox jumps over the lazy dog"
2023-11-03 20:58:45 DEBUG TextHandlerImpl:32 - Get an array by dividing by space: "[the, quick, brown, fox, jumps, over, the, lazy, dog]"
2023-11-03 20:58:45 DEBUG TextHandlerImpl:41 - Received a HashMap with the number of repetitions of words: "{over=1, the=2, quick=1, lazy=1, jumps=1, brown=1, dog=1, fox=1}"
2023-11-03 20:58:45 DEBUG TextHandlerImpl:49 - Got the final result of the method "findFiveWordsAndSort()" without limit: "[the, brown, dog, fox, jumps]"
2023-11-03 20:59:48 DEBUG TextHandlerImpl:21 - Method "checkingWordCount()" received the text: "the quick brown fox jumps over the lazy dog"
2023-11-03 20:59:48 DEBUG TextHandlerImpl:23 - Method "checkingWordCount()" return count: "9"
2023-11-03 20:59:48 DEBUG TextHandlerImpl:30 - Method "findFiveWordsAndSort()" received the text: "the quick brown fox jumps over the lazy dog"
2023-11-03 20:59:48 DEBUG TextHandlerImpl:32 - Get an array by dividing by space: "[the, quick, brown, fox, jumps, over, the, lazy, dog]"
2023-11-03 20:59:48 DEBUG TextHandlerImpl:41 - Received a HashMap with the number of repetitions of words: "{over=1, the=2, quick=1, lazy=1, jumps=1, brown=1, dog=1, fox=1}"
2023-11-03 20:59:48 DEBUG TextHandlerImpl:49 - Got the final result of the method "findFiveWordsAndSort()": "[the, brown, dog, fox, jumps]"
2023-11-03 21:09:01 DEBUG TextHandlerImpl:30 - Method "findFiveWordsAndSort()" received the text: "A fast brown, fox with mail brown@mail.ru jumps over ленивую собаку"
2023-11-03 21:09:01 DEBUG TextHandlerImpl:32 - Get an array by dividing by space: "[A, fast, brown,, fox, with, mail, brown@mail.ru, jumps, over, ленивую, собаку]"
2023-11-03 21:09:01 DEBUG TextHandlerImpl:41 - Received a HashMap with the number of repetitions of words: "{over=1, with=1, A=1, fast=1, mail=1, собаку=1, jumps=1, brown@mail.ru=1, ленивую=1, brown=1, fox=1}"
2023-11-03 21:09:01 DEBUG TextHandlerImpl:49 - Got the final result of the method "findFiveWordsAndSort()": "[A, brown, brown@mail.ru, fast, fox]"
2023-11-03 21:09:01 DEBUG TextHandlerImpl:21 - Method "checkingWordCount()" received the text: "A! fast brown, fox? with mail brown@mail.ru jumps- over...ленивую-собаку"
2023-11-03 21:09:01 DEBUG TextHandlerImpl:23 - Method "checkingWordCount()" return count: "9"
2023-11-03 21:09:27 DEBUG TextHandlerImpl:21 - Method "checkingWordCount()" received the text: "A! fast brown, fox? with mail brown@mail.ru jumps- over... ленивую-собаку"
2023-11-03 21:09:27 DEBUG TextHandlerImpl:23 - Method "checkingWordCount()" return count: "10"
2023-11-03 21:09:45 DEBUG TextHandlerImpl:21 - Method "checkingWordCount()" received the text: "A fast brown, fox with mail brown@mail.ru jumps over ленивую собаку"
2023-11-03 21:09:45 DEBUG TextHandlerImpl:23 - Method "checkingWordCount()" return count: "11"
2023-11-03 21:09:45 DEBUG TextHandlerImpl:30 - Method "findFiveWordsAndSort()" received the text: "A fast brown, fox with mail brown@mail.ru jumps over ленивую собаку"
2023-11-03 21:09:45 DEBUG TextHandlerImpl:32 - Get an array by dividing by space: "[A, fast, brown,, fox, with, mail, brown@mail.ru, jumps, over, ленивую, собаку]"
2023-11-03 21:09:45 DEBUG TextHandlerImpl:41 - Received a HashMap with the number of repetitions of words: "{over=1, with=1, A=1, fast=1, mail=1, собаку=1, jumps=1, brown@mail.ru=1, ленивую=1, brown=1, fox=1}"
2023-11-03 21:09:45 DEBUG TextHandlerImpl:49 - Got the final result of the method "findFiveWordsAndSort()": "[A, brown, brown@mail.ru, fast, fox]"
2023-11-03 21:10:57 DEBUG TextHandlerImpl:30 - Method "findFiveWordsAndSort()" received the text: "A fast brown, fox with mail brown@mail.ru jumps over ленивую собаку"
2023-11-03 21:10:57 DEBUG TextHandlerImpl:32 - Get an array by dividing by space: "[A, fast, brown,, fox, with, mail, brown@mail.ru, jumps, over, ленивую, собаку]"
2023-11-03 21:10:57 DEBUG TextHandlerImpl:41 - Received a HashMap with the number of repetitions of words: "{over=1, with=1, A=1, fast=1, mail=1, собаку=1, jumps=1, brown@mail.ru=1, ленивую=1, brown=1, fox=1}"
2023-11-03 21:10:57 DEBUG TextHandlerImpl:49 - Got the final result of the method "findFiveWordsAndSort()": "[A, brown, brown@mail.ru, fast, fox]"
